<?xml version="1.0" encoding="UTF-8"?>
<!-- Generated by org.testng.reporters.JUnitXMLReporter -->
<testsuite ignored="0" hostname="LAPTOP-JB05BTC5" failures="1" tests="3" name="Test" time="0.726" errors="0" timestamp="2024-05-28T12:37:12 IST">
  <testcase classname="testscript.ManageNewsTest" name="verifyWhetherTheUserIsAbleToAddNews" time="0.516">
    <skipped/>
  </testcase> <!-- verifyWhetherTheUserIsAbleToAddNews -->
  <testcase classname="testscript.ManageNewsTest" name="verifyWhetherTheUserIsAbleToAddNews" time="0.087">
    <skipped/>
  </testcase> <!-- verifyWhetherTheUserIsAbleToAddNews -->
  <testcase classname="testscript.ManageNewsTest" name="verifyWhetherTheUserIsAbleToAddNews" time="0.081">
    <failure type="java.lang.NullPointerException" message="Cannot invoke &amp;quot;org.openqa.selenium.SearchContext.findElement(org.openqa.selenium.By)&amp;quot; because &amp;quot;this.searchContext&amp;quot; is null">
      <![CDATA[java.lang.NullPointerException: Cannot invoke "org.openqa.selenium.SearchContext.findElement(org.openqa.selenium.By)" because "this.searchContext" is null
at org.openqa.selenium.support.pagefactory.DefaultElementLocator.findElement(DefaultElementLocator.java:68)
at org.openqa.selenium.support.pagefactory.internal.LocatingElementHandler.invoke(LocatingElementHandler.java:38)
at jdk.proxy2/jdk.proxy2.$Proxy14.sendKeys(Unknown Source)
at pages.LogInPage.enterUsernameOnUserNameField(LogInPage.java:31)
at testscript.ManageNewsTest.verifyWhetherTheUserIsAbleToAddNews(ManageNewsTest.java:19)
at java.base/java.util.ArrayList.forEach(ArrayList.java:1511)
... Removed 27 stack frames]]>
    </failure>
  </testcase> <!-- verifyWhetherTheUserIsAbleToAddNews -->
</testsuite> <!-- Test -->
